{"/Users/chenfengjuan/Documents/wenjian_exercise/homework2/lib/db.js":{"path":"/Users/chenfengjuan/Documents/wenjian_exercise/homework2/lib/db.js","s":{"1":1,"2":7,"3":7,"4":8,"5":6,"6":6,"7":8,"8":8,"9":7,"10":1,"11":6,"12":1,"13":1},"b":{"1":[7,4],"2":[6,2],"3":[1,6]},"f":{"1":7,"2":8},"fnMap":{"1":{"name":"(anonymous_1)","line":4,"loc":{"start":{"line":4,"column":15},"end":{"line":4,"column":24}}},"2":{"name":"(anonymous_2)","line":9,"loc":{"start":{"line":9,"column":11},"end":{"line":9,"column":17}}}},"statementMap":{"1":{"start":{"line":1,"column":0},"end":{"line":1,"column":35}},"2":{"start":{"line":5,"column":8},"end":{"line":5,"column":16}},"3":{"start":{"line":6,"column":8},"end":{"line":6,"column":33}},"4":{"start":{"line":10,"column":8},"end":{"line":13,"column":9}},"5":{"start":{"line":11,"column":12},"end":{"line":11,"column":46}},"6":{"start":{"line":12,"column":12},"end":{"line":12,"column":76}},"7":{"start":{"line":14,"column":8},"end":{"line":25,"column":11}},"8":{"start":{"line":15,"column":12},"end":{"line":23,"column":15}},"9":{"start":{"line":16,"column":16},"end":{"line":20,"column":17}},"10":{"start":{"line":17,"column":20},"end":{"line":17,"column":32}},"11":{"start":{"line":19,"column":20},"end":{"line":19,"column":33}},"12":{"start":{"line":22,"column":16},"end":{"line":22,"column":28}},"13":{"start":{"line":29,"column":0},"end":{"line":29,"column":19}}},"branchMap":{"1":{"line":6,"type":"binary-expr","locations":[{"start":{"line":6,"column":21},"end":{"line":6,"column":28}},{"start":{"line":6,"column":30},"end":{"line":6,"column":32}}]},"2":{"line":10,"type":"if","locations":[{"start":{"line":10,"column":8},"end":{"line":10,"column":8}},{"start":{"line":10,"column":8},"end":{"line":10,"column":8}}]},"3":{"line":16,"type":"if","locations":[{"start":{"line":16,"column":16},"end":{"line":16,"column":16}},{"start":{"line":16,"column":16},"end":{"line":16,"column":16}}]}}}}